============================= test session starts ==============================
platform win32 -- Python 3.13.13, pytest-8.2.2, pluggy-1.6.0
rootdir: C:\Users\Administrator\Downloads\claude\proj
plugins: anyio-4.13.0
collected 43 items

tests/test_api.py::test_search_returns_cached_item PASSED                [  2%]
tests/test_api.py::test_search_runs_pipeline_on_cache_miss PASSED        [  4%]
tests/test_api.py::test_register_page_returns_200 PASSED                 [  6%]
tests/test_api.py::test_login_page_returns_200 PASSED                    [  9%]
tests/test_api.py::test_register_creates_user_and_redirects PASSED       [ 11%]
tests/test_api.py::test_login_bad_password_returns_form PASSED           [ 13%]
tests/test_api.py::test_watchlist_edit_redirects_when_not_logged_in PASSED [ 16%]
tests/test_api.py::test_watchlist_edit_page_renders_for_logged_in PASSED [ 18%]
tests/test_api.py::test_search_rejects_unknown_symbol_when_not_logged_in PASSED [ 20%]
tests/test_api.py::test_search_allows_arbitrary_symbol_when_logged_in PASSED [ 23%]
tests/test_auth_helpers.py::test_hash_is_not_plaintext PASSED            [ 25%]
tests/test_auth_helpers.py::test_verify_correct_password PASSED          [ 27%]
tests/test_auth_helpers.py::test_verify_wrong_password PASSED            [ 30%]
tests/test_batch.py::test_run_batch_continues_on_symbol_failure PASSED   [ 32%]
tests/test_config.py::test_watchlist_is_fixed_nonempty_list PASSED       [ 34%]
tests/test_config.py::test_env_helper_reads_value PASSED                 [ 37%]
tests/test_config.py::test_env_helper_raises_when_missing PASSED         [ 39%]
tests/test_db.py::test_insert_item_returns_lastrowid PASSED              [ 41%]
tests/test_db.py::test_find_cached_item_returns_row PASSED               [ 44%]
tests/test_db.py::test_insert_article_persists_published_at PASSED       [ 46%]
tests/test_db.py::test_insert_briefing_returns_lastrowid PASSED          [ 48%]
tests/test_db.py::test_insert_briefing_falls_back_when_lastrowid_zero PASSED [ 51%]
tests/test_db.py::test_create_user_executes_insert PASSED                [ 53%]
tests/test_db.py::test_get_user_by_email_queries_correctly PASSED        [ 55%]
tests/test_db.py::test_get_watchlist_returns_rows PASSED                 [ 58%]
tests/test_db.py::test_save_watchlist_deletes_then_inserts PASSED        [ 60%]
tests/test_fetch.py::test_parse_articles_maps_fields PASSED              [ 62%]
tests/test_fetch.py::test_dedupe_removes_same_url PASSED                 [ 65%]
tests/test_fetch.py::test_fetch_symbol_uses_api_and_limits PASSED        [ 67%]
tests/test_fetch.py::test_lookup_company_returns_name PASSED             [ 69%]
tests/test_fetch.py::test_lookup_company_returns_none_for_empty PASSED   [ 72%]
tests/test_fetch.py::test_lookup_company_returns_none_on_error PASSED    [ 74%]
tests/test_runner.py::test_process_symbol_full_success PASSED            [ 76%]
tests/test_runner.py::test_process_symbol_tts_failure_is_graceful PASSED [ 79%]
tests/test_summarize.py::test_build_prompt_includes_guardrail_and_articles PASSED [ 81%]
tests/test_summarize.py::test_summarize_symbol_parses_response PASSED    [ 83%]
tests/test_summarize.py::test_summarize_symbol_defaults_neutral_on_bad_sentiment PASSED [ 86%]
tests/test_summarize.py::test_summarize_symbol_falls_back_on_malformed_json PASSED [ 88%]
tests/test_translate.py::test_translate_text_returns_translation PASSED  [ 90%]
tests/test_translate.py::test_translate_text_skips_empty PASSED          [ 93%]
tests/test_translate.py::test_translate_articles_fills_title_ko PASSED   [ 95%]
tests/test_tts.py::test_synthesize_and_upload_returns_url PASSED         [ 97%]
tests/test_tts.py::test_synthesize_skips_empty PASSED                    [100%]

======================== 43 passed in 1.65s ========================
